<?xml version="1.0" encoding="UTF-8"?>
<robot generator="Robot 4.1.3 (Python 3.10.2 on win32)" generated="20220215 14:49:58.991" rpa="false" schemaversion="2">
<suite id="s1" name="Verify Invalid Credentials" source="C:\Users\koush\PycharmProjects\Project1\login_suite\verify_invalid_credentials.robot">
<test id="s1-t1" name="TC1">
<kw name="Launch Browser" type="SETUP">
<msg timestamp="20220215 14:49:59.411" level="FAIL">No keyword with name 'Launch Browser' found.</msg>
<status status="FAIL" starttime="20220215 14:49:59.411" endtime="20220215 14:49:59.411"/>
</kw>
<kw name="End Browser" type="TEARDOWN">
<msg timestamp="20220215 14:49:59.419" level="FAIL">No keyword with name 'End Browser' found. Did you mean:
    SeleniumLibrary.Open Browser</msg>
<status status="FAIL" starttime="20220215 14:49:59.419" endtime="20220215 14:49:59.419">No keyword with name 'End Browser' found. Did you mean:
    SeleniumLibrary.Open Browser</status>
</kw>
<status status="FAIL" starttime="20220215 14:49:59.409" endtime="20220215 14:49:59.425">Setup failed:
No keyword with name 'Launch Browser' found.

Also teardown failed:
No keyword with name 'End Browser' found. Did you mean:
    SeleniumLibrary.Open Browser</status>
</test>
<test id="s1-t2" name="TC2">
<kw name="Launch Browser" type="SETUP">
<msg timestamp="20220215 14:49:59.431" level="FAIL">No keyword with name 'Launch Browser' found.</msg>
<status status="FAIL" starttime="20220215 14:49:59.431" endtime="20220215 14:49:59.431"/>
</kw>
<kw name="End Browser" type="TEARDOWN">
<msg timestamp="20220215 14:49:59.438" level="FAIL">No keyword with name 'End Browser' found. Did you mean:
    SeleniumLibrary.Open Browser</msg>
<status status="FAIL" starttime="20220215 14:49:59.438" endtime="20220215 14:49:59.438">No keyword with name 'End Browser' found. Did you mean:
    SeleniumLibrary.Open Browser</status>
</kw>
<status status="FAIL" starttime="20220215 14:49:59.429" endtime="20220215 14:49:59.444">Setup failed:
No keyword with name 'Launch Browser' found.

Also teardown failed:
No keyword with name 'End Browser' found. Did you mean:
    SeleniumLibrary.Open Browser</status>
</test>
<test id="s1-t3" name="TC3">
<kw name="Launch Browser" type="SETUP">
<msg timestamp="20220215 14:49:59.453" level="FAIL">No keyword with name 'Launch Browser' found.</msg>
<status status="FAIL" starttime="20220215 14:49:59.453" endtime="20220215 14:49:59.453"/>
</kw>
<kw name="End Browser" type="TEARDOWN">
<msg timestamp="20220215 14:49:59.457" level="FAIL">No keyword with name 'End Browser' found. Did you mean:
    SeleniumLibrary.Open Browser</msg>
<status status="FAIL" starttime="20220215 14:49:59.457" endtime="20220215 14:49:59.457">No keyword with name 'End Browser' found. Did you mean:
    SeleniumLibrary.Open Browser</status>
</kw>
<status status="FAIL" starttime="20220215 14:49:59.449" endtime="20220215 14:49:59.461">Setup failed:
No keyword with name 'Launch Browser' found.

Also teardown failed:
No keyword with name 'End Browser' found. Did you mean:
    SeleniumLibrary.Open Browser</status>
</test>
<test id="s1-t4" name="TC4">
<kw name="Launch Browser" type="SETUP">
<msg timestamp="20220215 14:49:59.467" level="FAIL">No keyword with name 'Launch Browser' found.</msg>
<status status="FAIL" starttime="20220215 14:49:59.467" endtime="20220215 14:49:59.467"/>
</kw>
<kw name="End Browser" type="TEARDOWN">
<msg timestamp="20220215 14:49:59.469" level="FAIL">No keyword with name 'End Browser' found. Did you mean:
    SeleniumLibrary.Open Browser</msg>
<status status="FAIL" starttime="20220215 14:49:59.469" endtime="20220215 14:49:59.469">No keyword with name 'End Browser' found. Did you mean:
    SeleniumLibrary.Open Browser</status>
</kw>
<status status="FAIL" starttime="20220215 14:49:59.463" endtime="20220215 14:49:59.472">Setup failed:
No keyword with name 'Launch Browser' found.

Also teardown failed:
No keyword with name 'End Browser' found. Did you mean:
    SeleniumLibrary.Open Browser</status>
</test>
<doc>This suit file handles all the test case related to the
invalid credentials</doc>
<status status="FAIL" starttime="20220215 14:49:58.994" endtime="20220215 14:49:59.475"/>
</suite>
<statistics>
<total>
<stat pass="0" fail="4" skip="0">All Tests</stat>
</total>
<tag>
</tag>
<suite>
<stat pass="0" fail="4" skip="0" id="s1" name="Verify Invalid Credentials">Verify Invalid Credentials</stat>
</suite>
</statistics>
<errors>
<msg timestamp="20220215 14:49:59.010" level="ERROR">Error in file 'C:\Users\koush\PycharmProjects\Project1\login_suite\verify_invalid_credentials.robot' on line 4: Resource file '..\page\login_page.resource' does not exist.</msg>
</errors>
</robot>
